 ######      ###     ######  ######## 
##    ##    ## ##   ##    ## ##       
##         ##   ##  ##       ##       
##   #### ##     ## ##       ######   
##    ##  ######### ##       ##       
##    ##  ##     ## ##    ## ##       
 ######   ##     ##  ######  ##    
------------------------------
Number of Data Points: 18122
Number of Lag Timesteps: 18123
Lag Resolution: 0.00153839752192
------------------------------

 ######      ###     ######  ######## 
##    ##    ## ##   ##    ## ##       
##         ##   ##  ##       ##       
##   #### ##     ## ##       ######   
##    ##  ######### ##       ##       
##    ##  ##     ## ##    ## ##       
 ######   ##     ##  ######  ##    
------------------------------
Number of Data Points: 1892
Number of Lag Timesteps: 1893
Lag Resolution: 0.0147307117342
------------------------------

 ######      ###     ######  ######## 
##    ##    ## ##   ##    ## ##       
##         ##   ##  ##       ##       
##   #### ##     ## ##       ######   
##    ##  ######### ##       ##       
##    ##  ##     ## ##    ## ##       
 ######   ##     ##  ######  ##    
------------------------------
Number of Data Points: 1892
Number of Lag Timesteps: 240802
Lag Resolution: 0.000115740740741
------------------------------

peak periods: [0.4606711049892868, 0.2312913016751191, 0.07709710055837303, 0.15440776649225402, 0.11564565083755955, 9.29020061728395, 0.09259336163405932]
signal to noise None
peak periods: [0.4606711049892868, 0.2312913016751191, 0.07709710055837303, 0.15440776649225402, 0.11564565083755955, 9.29020061728395, 0.09259336163405932]
signal to noise None
