
~~~ FINDING VEDAD PERIODS ~~~

Field: 0304-1115, Cycle: TEST18, No. Objs: 208 (85 non zero)
Field: 0313-2230, Cycle: TEST18, No. Objs: 202 (91 non zero)
Field: 0348-3345, Cycle: TEST18, No. Objs: 179 (64 non zero)
Field: 0409-1941, Cycle: TEST18, No. Objs: 231 (100 non zero)
Field: 0522-2518, Cycle: TEST18, No. Objs: 301 (150 non zero)
Field: 0618-6441, Cycle: TEST18, No. Objs: 273 (88 non zero)
Field: 1253-1941, Cycle: TEST18, No. Objs: 227 (112 non zero)
Field: 1315-2807, Cycle: TEST18, No. Objs: 303 (132 non zero)
Field: 1318-4500, Cycle: TEST18, No. Objs: 820 (431 non zero)
Field: 1340-3345, Cycle: TEST18, No. Objs: 290 (118 non zero)
Field: 1349-1115, Cycle: TEST18, No. Objs: 164 (80 non zero)
Field: 1416-2518, Cycle: TEST18, No. Objs: 391 (191 non zero)
Field: 1421+0000, Cycle: TEST18, No. Objs: 128 (63 non zero)
Field: 1428-2518, Cycle: TEST18, No. Objs: 302 (119 non zero)
Field: 1444+0537, Cycle: TEST18, No. Objs: 206 (90 non zero)
Field: 2028-2518, Cycle: TEST18, No. Objs: 337 (171 non zero)
Field: 2047-0248, Cycle: TEST18, No. Objs: 581 (347 non zero)
Field: 2058-0248, Cycle: TEST18, No. Objs: 375 (144 non zero)
Field: 2126-1652, Cycle: TEST18, No. Objs: 214 (102 non zero)
Field: 2132+0248, Cycle: TEST18, No. Objs: 241 (144 non zero)
Field: 2142+0826, Cycle: TEST18, No. Objs: 260 (118 non zero)
Field: 2145-3345, Cycle: TEST18, No. Objs: 237 (111 non zero)
Field: 2150-3922, Cycle: TEST18, No. Objs: 173 (77 non zero)
Field: 2152-1403, Cycle: TEST18, No. Objs: 180 (74 non zero)
Field: 2346-3633, Cycle: TEST18, No. Objs: 248 (84 non zero)

~~~ FINDING GACF PERIODS ~~~

File .DS_Store not processed

~~~ PERIOD COMPARISON ~~~

FIELD 0409-1941

	Object 18953
		Vedad periods: [[10.78163050816892, 43.910640615088056, 5.402875243467199]] (double [1])
		GACF periods: [5.3984981987717795, 43.55876156536389]


	Object 24586
		Vedad periods: [[0.3996831168936429, 0.9918214512648202, 0.33156030118476626]] (double [1])
		GACF periods: [120.79879821]


	Object 8203
		Vedad periods: [[16.26320022781036, 1.0033590501993508, 8.13160011390518]] (double [1])
		GACF periods: [7.9820369801696325, 57.68431185669076]


	Object 18349
		Vedad periods: [[3.047426162561309, 3.037843061421179, 1.535337084443635]] (double [1])
		GACF periods: [1.527596871039057, 3.0403627044952057]


	Object 1046
		Vedad periods: [[5.9048538724445905, 3.0302198667877507, 0.7467796022974141]] (double [1])
		GACF periods: [2.995866902382703]


	Object 23068
		Vedad periods: [[0.6665981876427924, 15.000529402669809, 2.8115078391499853]] (double [1])
		GACF periods: [25.63209886989968, 76.89629660969904, 17.201854423979945, 10.330017842182723]


	Object 5665
		Vedad periods: [[12.67761277600965, 11.338428327839619, 6.305705571357279]] (double [1])
		GACF periods: [6.661584870045409, 10.726783654883784]


	Object 7721
		Vedad periods: [[1.0069148358681832, 0.3326563682961208, 0.5031427570478828]] (double [1])
		GACF periods: [58.8860307557319, 1.0088813533357919]


	Object 22572
		Vedad periods: [[0.66641424774554, 0.9504467665603453, 1.0037760739109882]] (double [1])
		GACF periods: [16.625585172464028]


	Object 23602
		Vedad periods: [[0.6666901956742132, 0.9918214512648202, 0.14264279923393994]] (double [1])
		GACF periods: [10.185173898600464, 16.752906121423887, 13.63953418735411, 23.943312731061642]


	Object 18485
		Vedad periods: [[0.6670584819306276, 0.2494149781916593, 1.053242579079737]] (double [1])
		GACF periods: [26.84416453, 20.1331234, 13.42208226, 80.53249359]


	Object 18955
		Vedad periods: [[0.6660466723193152, 0.9934534075811753, 1.0316468320503365]] (double [1])
		GACF periods: [9.429066576500832, 16.97528495297709, 16.97528495297709, 50.925854858931274]


	Object 586
		Vedad periods: [[0.6668742879552222, 0.19959382097767248, 0.33325310250170237]] (double [1])
		GACF periods: [120.79871238]


	Object 587
		Vedad periods: [[0.6668742879552222, 0.992228937481445, 0.24951805288044604]] (double [1])
		GACF periods: [120.79869599]


	Object 10316
		Vedad periods: [[0.6666901956742132, 0.33251896376563916, 0.4971357006648492]] (double [1])
		GACF periods: [120.7542424]


	Object 9814
		Vedad periods: [[1.0010715995149586, 0.5010550277655265, 0.3326105541702021]] (double [1])
		GACF periods: [30.18855193, 14.20637738, 120.7542077]


	Object 9304
		Vedad periods: [[13.840029993294202, 0.06509488245141201, 6.90024352522811]] (double [1])
		GACF periods: [31.559058168982997, 6.965146092024214, 9.25557149155778]


	Object 753
		Vedad periods: [[0.4988814777586939, 0.2495438348656579, 1.1684011774696843]] (double [1])
		GACF periods: [12.1762697553426, 50.410646648488076, 16.803548882829357, 6.644298234340481]


	Object 24156
		Vedad periods: [[0.6670584819306276, 0.9926367586641337, 0.3316513641622957]] (double [1])
		GACF periods: [120.79879821, 30.19969955, 48.31951928]


	Object 17502
		Vedad periods: [[7.274353113945294, 0.9889783922317106, 3.637176556972647]] (double [1])
		GACF periods: [3.6484350097273395]


	Object 22624
		Vedad periods: [[1.9722325291883442, 0.9991720033062174, 0.33310327337808654]] (double [1])
		GACF periods: [65.25265646750451]


	Object 12134
		Vedad periods: [[1.0008641665270772, 0.332107430394642, 28.412767456821655]] (double [1])
		GACF periods: [26.923259612031543]


	Object 12907
		Vedad periods: [[0.66641424774554, 0.4876004913849863, 0.5016795250996754]] (double [1])
		GACF periods: [120.7543543, 26.83430096]


	Object 24685
		Vedad periods: [[0.6663223158586942, 1.1650194085045045, 1.0550831078330438]] (double [1])
		GACF periods: [16.75290290276251, 10.88197409790038, 24.047087175469574]


	Object 1650
		Vedad periods: [[1.1391911480329422, 0.18988011902113666, 0.5694612671138499]] (double [1])
		GACF periods: [1.3288382360588618, 3.986514708176585]


	Object 23671
		Vedad periods: [[8.385712617464714, 4.407089842755179, 4.200148232747544]] (double [1])
		GACF periods: [4.167522216531541]


	Object 1144
		Vedad periods: [[1.1478541985883257, 0.1913241886896805, 0.5739270992941629]] (double [1])
		GACF periods: [1.3343017458563542]


	Object 16507
		Vedad periods: [[1.1988509475452158, 0.2998988245163091, 0.5994254737726079]] (double [1])
		GACF periods: [1.4979355141120125]


	Object 9859
		Vedad periods: [[8.671760265098161, 2.1816488110477303, 4.335880132549081]] (double [1])
		GACF periods: [4.31582959204128]


	Object 10888
		Vedad periods: [[1.9893618071085974, 0.3321987941994274, 1.0071247847497238]] (double [1])
		GACF periods: [22.623825918379413]


	Object 11035
		Vedad periods: [[0.4996555774966044, 1.0550831078330438, 1.1627757505199026]] (double [1])
		GACF periods: [17.25695161, 120.79866128, 34.51390322, 48.31946451, 10.06655511]


	Object 15528
		Vedad periods: [[2.6123150176634264, 0.6486933209320004, 1.3061575088317132]] (double [1])
		GACF periods: [4.360323933603509, 1.3199620071112752]


	Object 19122
		Vedad periods: [[10.23341200775355, 0.9893835451986224, 5.116706003876775]] (double [1])
		GACF periods: [5.146371839769061]


	Object 12989
		Vedad periods: [[16.947966553191847, 4.072656380826033, 8.414931128326963]] (double [1])
		GACF periods: [8.349877360709968, 4.078536899103426]


	Object 4803
		Vedad periods: [[0.6670584819306276, 1.0342977446808725, 0.16647723401322378]] (double [1])
		GACF periods: [80.53254629, 20.13313657, 10.06656829, 17.25697421]


	Object 1226
		Vedad periods: [[3.8827736878293204, 1.8971604350587885, 1.944513070716455]] (double [1])
		GACF periods: [1.8835396672807658, 1.8835396672807658, 1.8835396672807658, 1.8835396672807658, 1.8835396672807658]


	Object 20175
		Vedad periods: [[0.28812756309112825, 0.9906009982895149, 0.14406378154556412]] (double [1])
		GACF periods: []


	Object 11486
		Vedad periods: [[2.067709960470751, 1.7412294403964221, 1.0338549802353756]] (double [1])
		GACF periods: [27.719565818458126, 3.875624177598576, 8.715236094802899]


	Object 20705
		Vedad periods: [[10.342977446808726, 0.9918214512648202, 5.171488723404363]] (double [1])
		GACF periods: [5.176033110881864]


	Object 11491
		Vedad periods: [[1.6609939709971373, 0.27683232849952283, 0.8307826741760707]] (double [1])
		GACF periods: [4.985061762476985, 2.774424254711892, 1.6616872541589929, 1.6616872541589929]


	Object 4838
		Vedad periods: [[17.31243895218522, 7.7406578007366615, 8.625304406535138]] (double [1])
		GACF periods: [7.551773878412654]


	Object 14065
		Vedad periods: [[12.949518680052751, 6.8610375961074945, 6.440227290212902]] (double [1])
		GACF periods: [6.4835469670597865]


	Object 17138
		Vedad periods: [[4.493181830381093, 0.9008150816224683, 2.2486827130631633]] (double [1])
		GACF periods: [9.01726998418076, 2.1949933514124242]


	Object 11512
		Vedad periods: [[16.713392621659782, 19.16734312563365, 8.327880116654615]] (double [1])
		GACF periods: [8.379532480164691]


	Object 4352
		Vedad periods: [[0.6671267215445102, 0.9954652646294835, 0.4975275508840394]] (double [1])
		GACF periods: [6.032297743324722, 24.07718840654626, 4.368215607235137, 4.368215607235137]


	Object 15631
		Vedad periods: [[10.342977446808726, 5.603446018166678, 5.171488723404363]] (double [1])
		GACF periods: [5.383668706816536, 5.383668706816536]


	Object 20240
		Vedad periods: [[0.6667822291081825, 0.9918214512648202, 1.0418831897454002]] (double [1])
		GACF periods: [20.274031565831326]


	Object 20241
		Vedad periods: [[0.6666901956742132, 0.1426765069905971, 0.24998294522615025]] (double [1])
		GACF periods: [120.79880373]


	Object 1811
		Vedad periods: [[0.6662304093323689, 4.653343417783888, 5.451659670044781]] (double [1])
		GACF periods: [4.732842281066502, 4.732842281066502, 4.732842281066502]


	Object 14615
		Vedad periods: [[0.23403122572119162, 29.815867084319024, 0.11701561286059581]] (double [1])
		GACF periods: []


	Object 1307
		Vedad periods: [[0.6663223158586942, 17.757979660513527, 0.2494149781916593]] (double [1])
		GACF periods: [120.7541648, 18.57756382, 34.50118994, 10.06284707, 48.30166592]


	Object 16160
		Vedad periods: [[0.41107833767316376, 0.06851305627886063, 0.20553916883658188]] (double [1])
		GACF periods: []


	Object 19746
		Vedad periods: [[0.431573487103259, 0.07193105685271295, 0.2157867435516295]] (double [1])
		GACF periods: []


	Object 8997
		Vedad periods: [[0.6667822291081825, 0.9934534075811753, 0.3328856283707563]] (double [1])
		GACF periods: []


	Object 20779
		Vedad periods: [[18.227058368527082, 10.733712150354838, 9.079267796352775]] (double [1])
		GACF periods: [9.729166253991519, 5.413331833394764]


	Object 21811
		Vedad periods: [[0.6661385281560714, 21.00074116373774, 1.0653221146139558]] (double [1])
		GACF periods: [24.263593761238464, 10.307578034266752, 13.288618588061887, 16.966718375829014, 13.288618588061887]


	Object 21812
		Vedad periods: [[0.6668742879552222, 0.992228937481445, 1.0409850145818265]] (double [1])
		GACF periods: [120.754389, 48.3017556]


	Object 12085
		Vedad periods: [[1.987724472287932, 0.33201611683115717, 1.0109188923523806]] (double [1])
		GACF periods: [80.50286427]


	Object 23352
		Vedad periods: [[0.6670584819306276, 0.19959382097767248, 0.14246609449208572]] (double [1])
		GACF periods: [9.981287648562821]


	Object 9529
		Vedad periods: [[1.185608853131977, 0.5881844212931898, 0.5925135509886745]] (double [1])
		GACF periods: [1.4831046106607746]


	Object 10048
		Vedad periods: [[0.5242208017863766, 0.08736381253906225, 0.2621104008931883]] (double [1])
		GACF periods: [1.10318519, 10.98170708, 80.5325186, 1.23896182]


	Object 3908
		Vedad periods: [[0.6666901956742132, 0.1995773269837069, 0.3332990938213962]] (double [1])
		GACF periods: [26.65638632790721, 57.06364347948367]


	Object 9031
		Vedad periods: [[1.9901814864687575, 0.9992077922341073, 0.9926367586641337]] (double [1])
		GACF periods: [48.3017232, 13.41714533, 30.188577, 120.754308]


	Object 845
		Vedad periods: [[10.546223728514576, 0.992228937481445, 5.273111864257288]] (double [1])
		GACF periods: [5.324339939314648]


	Object 2384
		Vedad periods: [[0.6667822291081825, 0.49734045177714936, 0.2499570724311568]] (double [1])
		GACF periods: [30.199674, 80.53246399]


	Object 19281
		Vedad periods: [[9.979691048883629, 0.21687187803788047, 2.4872144529658473]] (double [1])
		GACF periods: [4.985068594765981, 2.7150820025064486, 1.6616895315886457]


	Object 3412
		Vedad periods: [[0.45247498526085944, 0.8791719089296823, 0.22617393086999785]] (double [1])
		GACF periods: []


	Object 16697
		Vedad periods: [[12.04531288693186, 0.9934534075811753, 6.02265644346593]] (double [1])
		GACF periods: [5.945054985438961]


	Object 22367
		Vedad periods: [[0.6670584819306276, 0.9967334848658016, 0.3322444949552672]] (double [1])
		GACF periods: [120.79878761, 6.03993938, 21.96341593]


	Object 9059
		Vedad periods: [[1.9885428026593968, 1.0012791185032492, 0.33339111455409126]] (double [1])
		GACF periods: [23.95212799729804]


	Object 12133
		Vedad periods: [[0.6663223158586942, 0.4979557183154304, 54.888300768860105]] (double [1])
		GACF periods: [26.27031073930658, 9.305923634771283, 50.848635363201026, 6.975732230211379, 16.949545121067008]


	Object 2918
		Vedad periods: [[0.41614288512618886, 47.35461242803615, 0.2080535177317227]] (double [1])
		GACF periods: []


	Object 10618
		Vedad periods: [[1.59780696912328, 0.7472417183879447, 0.79890348456164]] (double [1])
		GACF periods: [3.991016708649728]


	Object 11134
		Vedad periods: [[12.07542616914919, 1.0058664030944762, 6.037713084574595]] (double [1])
		GACF periods: [6.065892628309989]


	Object 388
		Vedad periods: [[9.288789360883992, 1.154990547025269, 4.653343417783888]] (double [1])
		GACF periods: [4.723997927162714, 11.030778664972736, 4.723997927162714, 16.022632144706765]


	Object 10121
		Vedad periods: [[19.87724472287933, 4.948945151290651, 9.938622361439664]] (double [1])
		GACF periods: [10.09993562372878]


	Object 23434
		Vedad periods: [[1.995866720653824, 1.235925656085531, 1.0024901336617382]] (double [1])
		GACF periods: [120.8578072]


	Object 17295
		Vedad periods: [[0.4985725090482736, 27.44415038443001, 0.19952786135408437]] (double [1])
		GACF periods: [26.34505336920743, 0.9933137736279919]


	Object 15776
		Vedad periods: [[5.337204936640525, 1.3240598869681126, 2.6686024683202625]] (double [1])
		GACF periods: [2.7437417778801314]


	Object 17319
		Vedad periods: [[0.6670584819306276, 0.19965982422535028, 29.815867084319024]] (double [1])
		GACF periods: [58.90887186396497]


	Object 2472
		Vedad periods: [[9.470922485607208, 5.105888443614879, 4.763481723530252]] (double [1])
		GACF periods: [4.896356626398243]


	Object 940
		Vedad periods: [[1.9942900361930944, 0.2494149781916593, 0.9955009207872372]] (double [1])
		GACF periods: [120.79873549]


	Object 941
		Vedad periods: [[0.6666901956742132, 0.992228937481445, 0.3331611579293471]] (double [1])
		GACF periods: [120.79873549]


	Object 10673
		Vedad periods: [[18.794437617352827, 10.781630508168922, 9.397218808676413]] (double [1])
		GACF periods: [9.224895949545491, 21.668123765733668]


	Object 952
		Vedad periods: [[6.68998679731257, 0.9914142996017394, 3.344993398656285]] (double [1])
		GACF periods: [120.79868917, 3.40277998]


	Object 10180
		Vedad periods: [[0.3774455315823767, 1.0041934444198908, 0.18872276579118835]] (double [1])
		GACF periods: []


	Object 11211
		Vedad periods: [[2.1074042180016033, 0.9959114366308608, 0.33206176733532755]] (double [1])
		GACF periods: [16.74424464809638, 23.72966469172233, 10.515207666519112]


	Object 21967
		Vedad periods: [[0.6666901956742132, 0.24938922282422937, 1.00169441469508]] (double [1])
		GACF periods: [120.79881272, 15.09985159]


	Object 12760
		Vedad periods: [[4.339775802030256, 2.225885008138099, 2.164054869023152]] (double [1])
		GACF periods: [2.1949948255956846, 2.1208395950012355, 2.1949948255956846]


	Object 22498
		Vedad periods: [[19.32068187063871, 1.0046111621588343, 9.621853521234417]] (double [1])
		GACF periods: [9.714332078482004]


	Object 6120
		Vedad periods: [[0.2554834691452277, 38.33468625126734, 0.12774173457261384]] (double [1])
		GACF periods: [37.44095199058644]


	Object 12780
		Vedad periods: [[0.4998624099823734, 0.9151516611708366, 0.3301551925946462]] (double [1])
		GACF periods: [24.26945922554907]


	Object 23533
		Vedad periods: [[1.0012791185032492, 0.9930449152260844, 0.3316513641622957]] (double [1])
		GACF periods: [120.79879821, 30.19969955, 48.31951928]


	Object 16370
		Vedad periods: [[0.6665062050034047, 0.1664084085874621, 0.49960389611705364]] (double [1])
		GACF periods: [26.268306868485762, 39.40246030272864]


FIELD 1416-3056

No match found: '1416-3056'
FIELD 0522-2518

	Object 28965
		Vedad periods: [] (double [])
		GACF periods: [1.9693558911671982]


	Object 25520
		Vedad periods: [] (double [])
		GACF periods: [7.2518077031425205]


	Object 25780
		Vedad periods: [[7.460347609625559, 1.4923172094287516, 3.7301738048127797]] (double [1])
		GACF periods: [3.7331136175988395]


	Object 26293
		Vedad periods: [[0.9629090477290917, 0.059577173538681964, 0.48145452386454585]] (double [1])
		GACF periods: [13.6236523, 224.7902629]


	Object 25974
		Vedad periods: [] (double [])
		GACF periods: [10.632188466133274, 21.500998337298384]


	Object 31001
		Vedad periods: [[1.242531979211997, 1.2475324548430196, 0.6211801319512713]] (double [1])
		GACF periods: [1.6556517155335744]


