 ######      ###     ######  ######## 
##    ##    ## ##   ##    ## ##       
##         ##   ##  ##       ##       
##   #### ##     ## ##       ######   
##    ##  ######### ##       ##       
##    ##  ##     ## ##    ## ##       
 ######   ##     ##  ######  ##    
------------------------------
Number of Data Points: 855
Number of Lag Timesteps: 856
Lag Resolution: 0.249707602339
------------------------------

 ######      ###     ######  ######## 
##    ##    ## ##   ##    ## ##       
##         ##   ##  ##       ##       
##   #### ##     ## ##       ######   
##    ##  ######### ##       ##       
##    ##  ##     ## ##    ## ##       
 ######   ##     ##  ######  ##    
------------------------------
Number of Data Points: 855
Number of Lag Timesteps: 856
Lag Resolution: 0.249707602339
------------------------------

 ######      ###     ######  ######## 
##    ##    ## ##   ##    ## ##       
##         ##   ##  ##       ##       
##   #### ##     ## ##       ######   
##    ##  ######### ##       ##       
##    ##  ##     ## ##    ## ##       
 ######   ##     ##  ######  ##    
------------------------------
Number of Data Points: 855
Number of Lag Timesteps: 856
Lag Resolution: 0.249707602339
------------------------------

 ######      ###     ######  ######## 
##    ##    ## ##   ##    ## ##       
##         ##   ##  ##       ##       
##   #### ##     ## ##       ######   
##    ##  ######### ##       ##       
##    ##  ##     ## ##    ## ##       
 ######   ##     ##  ######  ##    
------------------------------
Number of Data Points: 855
Number of Lag Timesteps: 856
Lag Resolution: 0.249707602339
------------------------------

